C51 COMPILER V9.60.0.0   LED                                                               07/02/2020 10:52:03 PAGE 1   


C51 COMPILER V9.60.0.0, COMPILATION OF MODULE LED
OBJECT MODULE PLACED IN .\Objects\LED.obj
COMPILER INVOKED BY: D:\Keil_v5\C51\BIN\C51.EXE LED.c OPTIMIZE(8,SPEED) BROWSE DEBUG OBJECTEXTEND PRINT(.\Listings\LED.l
                    -st) TABS(2) OBJECT(.\Objects\LED.obj)

line level    source

   1          /*！
   2           * 功能：点亮LED2小灯
   3           *
   4          */
   5          
   6          #include <reg52.h>
   7          
   8          //注意端口P是大写的
   9          sbit LED =P0^0;
  10          
  11          //通过74HC138打开总闸门
  12          sbit ADDR0 = P1^0;  //ADDR0接P1^0引脚
  13          sbit ADDR1 = P1^1;  //同上理
  14          sbit ADDR2 = P1^2;
  15          sbit ADDR3 = P1^3;
  16          sbit ENLED = P1^4;
  17          
  18          
  19          void main()
  20          {
  21   1          ENLED = 0;
  22   1          ADDR3 = 1;
  23   1          
  24   1          // LEDS6输出低电平
  25   1          ADDR2 = 1;
  26   1          ADDR1 = 1;
  27   1          ADDR0 = 0;
  28   1          
  29   1          LED = 0;  //使LED亮
  30   1          // 使程序停止在这里
  31   1          while (1);
  32   1      }


MODULE INFORMATION:   STATIC OVERLAYABLE
   CODE SIZE        =     14    ----
   CONSTANT SIZE    =   ----    ----
   XDATA SIZE       =   ----    ----
   PDATA SIZE       =   ----    ----
   DATA SIZE        =   ----    ----
   IDATA SIZE       =   ----    ----
   BIT SIZE         =   ----    ----
END OF MODULE INFORMATION.


C51 COMPILATION COMPLETE.  0 WARNING(S),  0 ERROR(S)
