C51 COMPILER V9.60.0.0   ______                                                            07/02/2020 11:31:19 PAGE 1   


C51 COMPILER V9.60.0.0, COMPILATION OF MODULE ______
OBJECT MODULE PLACED IN .\Objects\¡˜ÀÆµ∆.obj
COMPILER INVOKED BY: D:\Keil_v5\C51\BIN\C51.EXE ¡˜ÀÆµ∆.c OPTIMIZE(8,SPEED) BROWSE DEBUG OBJECTEXTEND PRINT(.\Listings\¡˜
                    -ÀÆµ∆.lst) TABS(2) OBJECT(.\Objects\¡˜ÀÆµ∆.obj)

line level    source

   1          #include <reg52.h>
   2          
   3          //Êé•Á∫ø
   4          sbit LED = P0^0;
   5          sbit ADDR0 = P1^0;
   6          sbit ADDR1 = P1^1;
   7          sbit ADDR2 = P1^2;
   8          sbit ADDR3 = P1^3;
   9          sbit ENLED = P1^4;
  10          
  11          int main(void)
  12          {
  13   1        unsigned int cnt = 0;
  14   1        int i = 0;
  15   1        
  16   1        //LEDS0ËæìÂá∫‰ΩéÁîµÂπ≥ÔºåÂºÄÂêØLEDÊÄªÂºÄÂÖ≥
  17   1        ADDR0 = 0;
  18   1        ADDR1 = 1;
  19   1        ADDR2 = 1;
  20   1        ENLED = 0;
  21   1        ADDR3 = 1;
  22   1        
  23   1        /*
  24   1        // Âè≥ËæπÁ¨¨‰∏Ä‰∏™Â∞èÁÅØ‰∫Æ
  25   1        P0 = 0xFE;    // 0b1111_1110
  26   1        while (1);
  27   1        */
  28   1        /*
  29   1        P0 = 0xFE << 1;
  30   1        while (1);
  31   1        */
  32   1        
  33   1        //ÊµÅÊ∞¥ÁÅØ
  34   1        
  35   1        while(1)
  36   1        {
  37   2          P0 = ~((~0xFE) << cnt);     // ÂÖàÂèñÂèçÂÜçÂ∑¶ÁßªÔºåÂÜçÂèñÂèç
  38   2          // Âª∂Êó∂
  39   2          for (i = 0; i<10000; i++);
  40   2          
  41   2          cnt++;
  42   2          // ËÆ∞Êª°8ÂΩí0
  43   2          if (cnt >= 8)
  44   2          {
  45   3            cnt = 0;
  46   3          }
  47   2        }
  48   1        
  49   1      }


MODULE INFORMATION:   STATIC OVERLAYABLE
   CODE SIZE        =     63    ----
   CONSTANT SIZE    =   ----    ----
C51 COMPILER V9.60.0.0   ______                                                            07/02/2020 11:31:19 PAGE 2   

   XDATA SIZE       =   ----    ----
   PDATA SIZE       =   ----    ----
   DATA SIZE        =   ----    ----
   IDATA SIZE       =   ----    ----
   BIT SIZE         =   ----    ----
END OF MODULE INFORMATION.


C51 COMPILATION COMPLETE.  0 WARNING(S),  0 ERROR(S)
