C51 COMPILER V9.60.0.0   _________________                                                 07/02/2020 17:47:55 PAGE 1   


C51 COMPILER V9.60.0.0, COMPILATION OF MODULE _________________
NO OBJECT MODULE REQUESTED
COMPILER INVOKED BY: D:\Keil_v5\C51\BIN\C51.EXE 按键_电机实用程序.c OPTIMIZE(8,SPEED) BROWSE DEBUG OBJECTEXTEND PRINT(.\
                    -Listings\按键_电机实用程序.lst) TABS(2) SRC(.\Objects\按键_电机实用程序.SRC)

line level    source

   1          #include <reg52.h>
   2          
   3          unsigned long beats = 0;
   4          void StartMotor(unsigned long angle);
   5          void main()
   6          {
   7   1        //中断
   8   1        EA = 1;
   9   1        ET0 = 1;
  10   1        
  11   1        //定时器。定时器2ms用来刷新节拍（电机的特性，>1.8ms才能启动）
  12   1        TH0 = (65536-2000)/256;
  13   1        TL0 = (65536-2000)%256;
  14   1        TMOD = 0x01;
  15   1        TR0 = 1;
  16   1        
  17   1        StartMotor(90);
  18   1        while(1);
  19   1      }
  20          
  21          void StartMotor(unsigned long angle)
  22          {
  23   1        EA = 0;   //因为angle是long型，所以操作之前关闭中断
  24   1        beats = (angle*4076)/360;
  25   1        EA = 1;
  26   1      }
  27          
  28          void InterruptTimer0() interrupt 1
  29          {
  30   1        unsigned char tmp;
  31   1        static unsigned char index = 0;
  32   1        unsigned char code BeatCode[8] = {
  33   1          0x0E, 0x0C, 0x0D, 0x09, 0x0B, 0x03, 0x07, 0x06
  34   1        };
  35   1        TH0 = (65536-2000)/256;
  36   1        TL0 = (65536-2000)%256; 
  37   1        if (beats != 0)
  38   1        {
  39   2          tmp = P1;
  40   2          tmp = tmp & 0xF0;
  41   2          tmp = tmp | BeatCode[index];
  42   2          P1 = tmp;
  43   2          index++;
  44   2          index = index &0x07;
  45   2          beats--;
  46   2        }
  47   1        else
  48   1        {
  49   2          P1 = P1 |0x0F;
  50   2        }
  51   1      }


MODULE INFORMATION:   STATIC OVERLAYABLE
C51 COMPILER V9.60.0.0   _________________                                                 07/02/2020 17:47:55 PAGE 2   

   CODE SIZE        =    207    ----
   CONSTANT SIZE    =      8    ----
   XDATA SIZE       =   ----    ----
   PDATA SIZE       =   ----    ----
   DATA SIZE        =      5       4
   IDATA SIZE       =   ----    ----
   BIT SIZE         =   ----    ----
END OF MODULE INFORMATION.


C51 COMPILATION COMPLETE.  0 WARNING(S),  0 ERROR(S)
