C51 COMPILER V9.60.0.0   ____________                                                      07/02/2020 10:56:32 PAGE 1   


C51 COMPILER V9.60.0.0, COMPILATION OF MODULE ____________
OBJECT MODULE PLACED IN .\Objects\С.obj
COMPILER INVOKED BY: D:\Keil_v5\C51\BIN\C51.EXE С.c OPTIMIZE(8,SPEED) BROWSE DEBUG OBJECTEXTEND PRINT(.\Listi
                    -ngs\С.lst) TABS(2) OBJECT(.\Objects\С.obj)

line level    source

   1          /*！
   2           * 功能：使LED2小灯交替亮灭
   3          */
   4          
   5          #include <reg52.h>
   6          
   7          sbit LED = P0^0;
   8          sbit ADDR0 = P1^0;
   9          sbit ADDR1 = P1^1;
  10          sbit ADDR2 = P1^2;
  11          sbit ADDR3 = P1^3;
  12          sbit ENLED = P1^4;
  13          
  14          void main()
  15          {
  16   1        int i;  //要放在while外部
  17   1        
  18   1        ENLED = 0;
  19   1        ADDR3 = 1;
  20   1        
  21   1        ADDR2 = 1;
  22   1        ADDR1 = 1;
  23   1        ADDR0 = 0;
  24   1        
  25   1        
  26   1        while(1)
  27   1        {
  28   2          LED = 0;  //亮
  29   2          // 这里的for是个简单的延时程序
  30   2          for (i = 0; i<30000; i++);
  31   2          LED = 1;  //灭
  32   2          for (i = 0; i<30000; i++);
  33   2        }
  34   1      }


MODULE INFORMATION:   STATIC OVERLAYABLE
   CODE SIZE        =     49    ----
   CONSTANT SIZE    =   ----    ----
   XDATA SIZE       =   ----    ----
   PDATA SIZE       =   ----    ----
   DATA SIZE        =   ----    ----
   IDATA SIZE       =   ----    ----
   BIT SIZE         =   ----    ----
END OF MODULE INFORMATION.


C51 COMPILATION COMPLETE.  0 WARNING(S),  0 ERROR(S)
