C51 COMPILER V9.60.0.0   ________01                                                        07/02/2020 17:53:31 PAGE 1   


C51 COMPILER V9.60.0.0, COMPILATION OF MODULE ________01
OBJECT MODULE PLACED IN .\Objects\²½½øµç»ú01.obj
COMPILER INVOKED BY: D:\Keil_v5\C51\BIN\C51.EXE ²½½øµç»ú01.c OPTIMIZE(8,SPEED) BROWSE DEBUG OBJECTEXTEND PRINT(.\Listing
                    -s\²½½øµç»ú01.lst) TABS(2) OBJECT(.\Objects\²½½øµç»ú01.obj)

line level    source

   1          #include <reg52.h>
   2          
   3          //å°†BeatCodeæ•°ç»„ä¸­çš„å€¼å¾ªç¯é€å…¥ï¼Œå³å¯è®©æ­¥è¿›ç”µæœºè½¬åŠ¨
   4          unsigned char code BeatCode[8] = 
   5          {
   6            0x0E, 0x0C, 0x0D, 0x09, 0x0B, 0x03, 0x07, 0x06
   7            //  0000 1110, 
   8            //  0000 1100, 
   9            //  0000 1101, 
  10            //  0000 1001,
  11            //  0000 1011, 
  12            //  0000 0011, 
  13            //  0000 0110, 
  14          };
  15          
  16          void delay()
  17          {
  18   1        unsigned char i = 200;
  19   1        while (i--);
  20   1      }
  21          
  22          void main()
  23          {
  24   1        unsigned char tmp;
  25   1        unsigned char index = 0;
  26   1        
  27   1        while(1)
  28   1        {
  29   2                            //è‰¯å¥½ä¹ æƒ¯ï¼šæ§åˆ¶ä½å››ä½çš„æ—¶å€™ä¸èƒ½å½±å“é«˜å››ä½
  30   2          tmp = P1;         //æ‰€ä»¥ï¼Œå–P1å£ç°åœ¨çš„ç”µå¹³å¹¶èµ‹å€¼ç»™tmp
  31   2          tmp = tmp&0xF0;   //ä½å››ä½æ¸…é›¶
  32   2          tmp = tmp|BeatCode[index];
  33   2          P1 = tmp;
  34   2          index++;
  35   2          
  36   2          index = index&0x07;   //åŠ åˆ°8å½’é›¶
  37   2          delay();
  38   2        }
  39   1      }


MODULE INFORMATION:   STATIC OVERLAYABLE
   CODE SIZE        =     34    ----
   CONSTANT SIZE    =      8    ----
   XDATA SIZE       =   ----    ----
   PDATA SIZE       =   ----    ----
   DATA SIZE        =   ----    ----
   IDATA SIZE       =   ----    ----
   BIT SIZE         =   ----    ----
END OF MODULE INFORMATION.


C51 COMPILATION COMPLETE.  0 WARNING(S),  0 ERROR(S)
